[ 2016-06-20 10:43:56 ] INFO ------------------------------------- 
[ 2016-06-20 10:43:56 ] INFO Starting Command Line PLS Version 1.0 
[ 2016-06-20 10:44:03 ] ERROR Configuration file does not exist: store/config.R 
[ 2016-06-20 10:51:12 ] ERROR Configuration file does not exist: store/config.R 
[ 2016-06-20 10:51:46 ] ERROR Configuration file does not exist: store/config.R 
[ 2016-06-20 10:52:10 ] ERROR Configuration file does not exist: store/config.R 
[ 2016-06-20 10:52:17 ] ERROR Configuration file does not exist: store/config.R 
[ 2016-06-20 10:52:58 ] ERROR Configuration file does not exist: store/config.R 
[ 2016-06-20 10:53:14 ] ERROR Configuration file does not exist: store/config.R 
[ 2016-06-20 11:18:40 ] INFO Loading machine learning model 
[ 2016-06-20 11:34:14 ] INFO ------------------------------------- 
[ 2016-06-20 11:34:14 ] INFO Starting Command Line PLS Version 1.0 
[ 2016-06-20 11:34:14 ] INFO Loading machine learning model 
[ 2016-06-20 11:34:14 ] ERROR Configuration file does not exist: store/config.R 
[ 2016-06-20 12:52:09 ] INFO ------------------------------------- 
[ 2016-06-20 12:52:09 ] INFO Starting Command Line PLS Version 1.0 
[ 2016-06-20 12:52:09 ] INFO Loading machine learning model 
[ 2016-06-20 12:52:09 ] INFO Importing configuration 
[ 2016-06-20 12:52:09 ] INFO Importing User Accounts 
[ 2016-06-20 12:52:09 ] INFO Importing user:  John Richardson 
[ 2016-06-20 12:52:09 ] INFO Load complete.  Waiting for scheduled start time ... 
[ 2016-06-20 12:52:12 ] WARN User (John Richardson) - Unable to obtain available cash (Invalid API Response). Attempt: 1 
[ 2016-06-20 12:52:12 ] WARN User (John Richardson) - API Response:  
[ 2016-06-20 12:53:30 ] INFO ------------------------------------- 
[ 2016-06-20 12:53:30 ] INFO Starting Command Line PLS Version 1.0 
[ 2016-06-20 12:53:30 ] INFO Loading machine learning model 
[ 2016-06-20 12:53:31 ] INFO Importing configuration 
[ 2016-06-20 12:53:31 ] INFO Importing User Accounts 
[ 2016-06-20 12:53:31 ] INFO Importing user:  John Richardson 
[ 2016-06-20 12:53:31 ] INFO Load complete.  Waiting for scheduled start time ... 
[ 2016-06-20 12:53:31 ] WARN User (John Richardson) - Unable to obtain available cash (Invalid API Response). Attempt: 1 
[ 2016-06-20 12:53:31 ] WARN User (John Richardson) - API Response:  
[ 2016-06-20 12:53:32 ] WARN User (John Richardson) - Unable to obtain available cash (Invalid API Response). Attempt: 2 
[ 2016-06-20 12:53:32 ] WARN User (John Richardson) - API Response:  
[ 2016-06-20 12:53:33 ] WARN User (John Richardson) - Unable to obtain available cash (Invalid API Response). Attempt: 3 
[ 2016-06-20 12:53:33 ] WARN User (John Richardson) - API Response:  
[ 2016-06-20 12:53:33 ] WARN User (John Richardson) - Unable to obtain available cash (Invalid API Response). Attempt: 4 
[ 2016-06-20 12:53:33 ] WARN User (John Richardson) - API Response:  
[ 2016-06-20 12:53:34 ] WARN User (John Richardson) - Unable to obtain available cash (Invalid API Response). Attempt: 5 
[ 2016-06-20 12:53:34 ] WARN User (John Richardson) - API Response:  
[ 2016-06-20 12:53:34 ] INFO Starting loan list detection 
